<?xml version="1.0" encoding="UTF-8"?>
<!-- Generated by org.testng.reporters.JUnitReportReporter -->
<testsuite hostname="PSDLAP385" failures="0" tests="1" name="test.MagicDriveTestcases" time="34.851" errors="0" timestamp="2024-12-20T11:55:46 IST" skipped="0">
  <testcase classname="test.MagicDriveTestcases" name="TC_05" time="34.851"/>
  <system-out/>
</testsuite> <!-- test.MagicDriveTestcases -->
