<?xml version="1.0" encoding="UTF-8"?>
<!-- Generated by org.testng.reporters.JUnitReportReporter -->
<testsuite hostname="PSDLAP385" failures="0" tests="6" name="test.MagicDriveTestcases" time="264.998" errors="0" timestamp="2024-12-20T11:53:34 IST" skipped="0">
  <testcase classname="test.MagicDriveTestcases" name="TC_01" time="93.298"/>
  <system-out/>
  <testcase classname="test.MagicDriveTestcases" name="TC_02" time="3.407"/>
  <system-out/>
  <testcase classname="test.MagicDriveTestcases" name="TC_03" time="33.543"/>
  <system-out/>
  <testcase classname="test.MagicDriveTestcases" name="TC_04" time="37.048"/>
  <system-out/>
  <testcase classname="test.MagicDriveTestcases" name="TC_05" time="33.588"/>
  <system-out/>
  <testcase classname="test.MagicDriveTestcases" name="TC_06" time="64.114"/>
  <system-out/>
</testsuite> <!-- test.MagicDriveTestcases -->
